{"/Users/raulvv/Desktop/influ/twitter-scrapper/api/controllers/UserController.js":{"path":"/Users/raulvv/Desktop/influ/twitter-scrapper/api/controllers/UserController.js","s":{"1":1,"2":0,"3":0,"4":0,"5":0,"6":0,"7":0,"8":0},"b":{"1":[0,0]},"f":{},"fnMap":{},"statementMap":{"1":{"start":{"line":1,"column":0},"end":{"line":17,"column":2}},"2":{"start":{"line":3,"column":2},"end":{"line":5,"column":4}},"3":{"start":{"line":4,"column":3},"end":{"line":4,"column":34}},"4":{"start":{"line":9,"column":2},"end":{"line":15,"column":5}},"5":{"start":{"line":10,"column":3},"end":{"line":14,"column":6}},"6":{"start":{"line":11,"column":4},"end":{"line":11,"column":45}},"7":{"start":{"line":11,"column":15},"end":{"line":11,"column":43}},"8":{"start":{"line":13,"column":4},"end":{"line":13,"column":26}}},"branchMap":{"1":{"line":11,"type":"if","locations":[{"start":{"line":11,"column":4},"end":{"line":11,"column":4}},{"start":{"line":11,"column":4},"end":{"line":11,"column":4}}]}}}}